Diagnose log at 2025-07-12T02:51:11Z

Executable: C:\Program Files\Git\mingw64\libexec\git-core\git-credential-manager-core.exe
Version: 2.0.632+478753bbb7

------------
Diagnostic: Environment
Skipped: False
Success: True
Exception: None
Log:
OSType: Windows
OSVersion: 10.0 (build 22631)
Reading environment variables... OK
 Variables:
HOMEPATH=\Users\crist
DriverData=C:\Windows\System32\Drivers\DriverData
COMPUTERNAME=CRISTHIAN-W11
CommonProgramFiles(x86)=C:\Program Files (x86)\Common Files
OneDrive=C:\Users\crist\OneDrive
ChocolateyLastPathUpdate=133217326388619499
SESSIONNAME=Console
asl.log=Destination=file
TMP=C:\Users\crist\AppData\Local\Temp
PROCESSOR_REVISION=1801
USERDOMAIN=CRISTHIAN-W11
PATHEXT=.COM;.EXE;.BAT;.CMD;.VBS;.VBE;.JS;.JSE;.WSF;.WSH;.MSC
_=C:/Program Files/Git/mingw64/bin/git
USERNAME=crist
GIT_EXEC_PATH=C:/Program Files/Git/mingw64/libexec/git-core
PWD=F:/Faculdade/placaFipe
TEMP=C:\Users\crist\AppData\Local\Temp
LOCALAPPDATA=C:\Users\crist\AppData\Local
MSYSTEM=MINGW64
ANDROID_HOME=C:/Users/crist/AppData/Local/Android/Sdk
PROCESSOR_IDENTIFIER=AMD64 Family 23 Model 24 Stepping 1, AuthenticAMD
SYSTEMDRIVE=C:
PROGRAMFILES=C:\Program Files (x86)
CURSOR_TRACE_ID=1bc7b2a5a72d4aeda3495ef689b0f59d
ProgramData=C:\ProgramData
TERM_PROGRAM_VERSION=1.2.2
ProgramFiles(x86)=C:\Program Files (x86)
SYSTEMROOT=C:\WINDOWS
TERM_PROGRAM=vscode
PROCESSOR_LEVEL=23
NUMBER_OF_PROCESSORS=8
TMPDIR=C:\Users\crist\AppData\Local\Temp
SHLVL=1
VSCODE_GIT_ASKPASS_MAIN=c:\Users\crist\AppData\Local\Programs\cursor\resources\app\extensions\git\dist\askpass-main.js
PSModulePath=C:\Program Files\WindowsPowerShell\Modules;C:\WINDOWS\system32\WindowsPowerShell\v1.0\Modules
PUBLIC=C:\Users\Public
VSCODE_GIT_IPC_HANDLE=\\.\pipe\vscode-git-f1b62d5872-sock
FPS_BROWSER_USER_PROFILE_STRING=Default
npm_config_yes=true
CHROME_CRASHPAD_PIPE_NAME=\\.\pipe\crashpad_22228_KLFSACRRAVFRZWDK
OPERA_CRASHPAD_PIPE_NAME=\\.\pipe\crashpad_8148_LCPHKQZZQLDXXCOL
PLINK_PROTOCOL=ssh
COLORTERM=truecolor
ProgramW6432=C:\Program Files
PATH=C:/Program Files/Git/mingw64/libexec/git-core;C:\Program Files\Git\mingw64\bin;C:\Program Files\Git\usr\bin;C:\Users\crist\bin;C:\Users\crist\AppData\Local\Programs\Opera GX;C:\Program Files (x86)\Razer\ChromaBroadcast\bin;C:\Program Files\Razer\ChromaBroadcast\bin;C:\Windows\system32;C:\Windows;C:\Windows\System32\Wbem;C:\Windows\System32\WindowsPowerShell\v1.0;C:\Windows\System32\OpenSSH;C:\Program Files\Git\cmd;C:\Program Files\dotnet;C:\Users\Default\AppData\Roaming\nvm;C:\Program Files\nodejs;C:\WINDOWS\system32;C:\WINDOWS;C:\WINDOWS\System32\Wbem;C:\WINDOWS\System32\WindowsPowerShell\v1.0;C:\WINDOWS\System32\OpenSSH;C:\ProgramData\chocolatey\bin;C:\WINDOWS\system32\config\systemprofile\AppData\Local\Microsoft\WindowsApps;C:\Users\crist\AppData\Roaming\nvm;C:\texlive\2022\bin\win32;C:\Users\crist\AppData\Local\Android\Sdk\tool;C:\Users\crist\AppData\Local\Android\Sdk\platform-tools";C:\WINDOWS\system32;C:\WINDOWS;C:\WINDOWS\System32\Wbem;C:\WINDOWS\System32\WindowsPowerShell\v1.0;C:\WINDOWS\System32\OpenSSH;C:\Program Files\NVIDIA Corporation\NVIDIA NvDLISR;C:\Program Files (x86)\NVIDIA Corporation\PhysX\Common;C:\Program Files\MongoDB\Server\5.0\bin;C:\Program Files\MySQL\MySQL Shell 8.0\bin;C:\Users\crist\AppData\Local\Microsoft\WindowsApps;C:\Users\crist\.dotnet\tools;Microsoft VS Code\bin;F:\Programas\IntelliJ\IntelliJ IDEA Community Edition 2022.2\bin;C:\Users\crist\.jdks\openjdk-18.0.2\bin;F:\Programas\Microsoft VS Code\bin;C:\Users\crist\AppData\Roaming\nvm;C:\Users\crist\AppData\Local\spicetify;C:\Users\crist\AppData\Local\JetBrains\Toolbox\scripts;C:\Users\crist\AppData\Local\gitkraken\bin;C:\Users\crist\AppData\Roaming\npm;C:\Users\crist\AppData\Local\Android\Sdk\tool;C:\Users\crist\AppData\Local\Android\Sdk\platform-tools";C:\Program Files\heroku\bin;C:\Users\crist\AppData\Local\Microsoft\WindowsApps;C:\Users\Default\AppData\Roaming\nvm;C:\Program Files\nodejs;C:\Users\crist\AppData\Local\GitHubDesktop\bin;C:\Users\crist\AppData\Local\Android\Sdk\tools;C:\Users\crist\AppData\Local\Android\Sdk\platform-tools
ChocolateyInstall=C:\ProgramData\chocolatey
NVM_HOME=C:\Users\Default\AppData\Roaming\nvm
VBOX_HWVIRTEX_IGNORE_SVM_IN_USE=1
VSCODE_GIT_ASKPASS_EXTRA_ARGS=
VSCODE_GIT_ASKPASS_NODE=C:\Users\crist\AppData\Local\Programs\cursor\Cursor.exe
IntelliJ IDEA Community Edition=F:\Programas\IntelliJ\IntelliJ IDEA Community Edition 2022.2\bin;
TERM=xterm-256color
NVM_SYMLINK=C:\Program Files\nodejs
COMPOSER_NO_INTERACTION=1
ORIGINAL_XDG_CURRENT_DESKTOP=undefined
HOME=C:\Users\crist
EFC_968=1
COMSPEC=C:\WINDOWS\system32\cmd.exe
DISABLE_AUTO_UPDATE=true
LOGONSERVER=\\CRISTHIAN-W11
USERPROFILE=C:\Users\crist
CommonProgramW6432=C:\Program Files\Common Files
COMMONPROGRAMFILES=C:\Program Files (x86)\Common Files
WINDIR=C:\WINDOWS
USERDOMAIN_ROAMINGPROFILE=CRISTHIAN-W11
APPDATA=C:\Users\crist\AppData\Roaming
HOMEDRIVE=C:
PIP_NO_INPUT=true
EXEPATH=C:\Program Files\Git\bin
LANG=en_US.UTF-8
PROCESSOR_ARCHITEW6432=AMD64
FPS_BROWSER_APP_PROFILE_STRING=Internet Explorer
PROCESSOR_ARCHITECTURE=x86
PS1=\[]633;A\]\[\033]0;$TITLEPREFIX:$PWD\007\]\n\[\033[32m\]\u@\h \[\033[35m\]$MSYSTEM \[\033[33m\]\w\[\033[36m\]`__git_ps1`\[\033[0m\]\n$ \[]633;B\]
OS=Windows_NT
__COMPAT_LAYER=DetectorsAppHealth
GIT_ASKPASS=c:\Users\crist\AppData\Local\Programs\cursor\resources\app\extensions\git\dist\askpass.sh
ALLUSERSPROFILE=C:\ProgramData


------------
Diagnostic: File system
Skipped: False
Success: True
Exception: None
Log:
Temporary directory is 'C:\Users\crist\AppData\Local\Temp\'...
Checking basic file I/O...
Writing to temporary file 'C:\Users\crist\AppData\Local\Temp\7d424bd2b4dfb8d76de82efd'... OK
Reading from temporary file 'C:\Users\crist\AppData\Local\Temp\7d424bd2b4dfb8d76de82efd'... OK
Deleting temporary file 'C:\Users\crist\AppData\Local\Temp\7d424bd2b4dfb8d76de82efd'... OK
Testing IFileSystem instance...
UserHomePath: C:\Users\crist
UserDataDirectoryPath: C:\Users\crist\.gcm
GetCurrentDirectory(): F:\Faculdade\placaFipe

------------
Diagnostic: Networking
Skipped: False
Success: True
Exception: None
Log:
Checking basic networking and HTTP stack...
Creating HTTP client... OK
IsNetworkAvailable: True
Sending HEAD request to http://example.com... OK
Sending HEAD request to https://example.com... OK
Acquiring free TCP port... OK
Testing local HTTP loopback connections...
Creating new HTTP listener for http://localhost:64583/... OK
Waiting for loopback connection... OK
Writing response... OK
Waiting for response data... OK
Loopback connection data OK
Testing with IHttpClientFactory created HTTP client...
Creating HTTP client... OK
IsNetworkAvailable: True
Sending HEAD request to http://example.com... OK
Sending HEAD request to https://example.com... OK
Acquiring free TCP port... OK
Testing local HTTP loopback connections...
Creating new HTTP listener for http://localhost:64585/... OK
Waiting for loopback connection... OK
Writing response... OK
Waiting for response data... OK
Loopback connection data OK

------------
Diagnostic: Git
Skipped: False
Success: True
Exception: None
Log:
Getting Git version... OK
Git version is '2.35.1.windows.2'
Locating current repository... OK
Git repository at 'F:/Faculdade/placaFipe/.git'
Listing all Git configuration... OK
Git configuration:
file:C:/Program Files/Git/etc/gitconfig	diff.astextplain.textconv=astextplain
file:C:/Program Files/Git/etc/gitconfig	filter.lfs.clean=git-lfs clean -- %f
file:C:/Program Files/Git/etc/gitconfig	filter.lfs.smudge=git-lfs smudge -- %f
file:C:/Program Files/Git/etc/gitconfig	filter.lfs.process=git-lfs filter-process
file:C:/Program Files/Git/etc/gitconfig	filter.lfs.required=true
file:C:/Program Files/Git/etc/gitconfig	http.sslbackend=openssl
file:C:/Program Files/Git/etc/gitconfig	http.sslcainfo=C:/Program Files/Git/mingw64/ssl/certs/ca-bundle.crt
file:C:/Program Files/Git/etc/gitconfig	core.autocrlf=true
file:C:/Program Files/Git/etc/gitconfig	core.fscache=true
file:C:/Program Files/Git/etc/gitconfig	core.symlinks=false
file:C:/Program Files/Git/etc/gitconfig	pull.rebase=false
file:C:/Program Files/Git/etc/gitconfig	credential.helper=manager-core
file:C:/Program Files/Git/etc/gitconfig	credential.https://dev.azure.com.usehttppath=true
file:C:/Program Files/Git/etc/gitconfig	init.defaultbranch=master
file:C:/Users/crist/.gitconfig	filter.lfs.clean=git-lfs clean -- %f
file:C:/Users/crist/.gitconfig	filter.lfs.smudge=git-lfs smudge -- %f
file:C:/Users/crist/.gitconfig	filter.lfs.process=git-lfs filter-process
file:C:/Users/crist/.gitconfig	filter.lfs.required=true
file:.git/config	core.repositoryformatversion=0
file:.git/config	core.filemode=false
file:.git/config	core.bare=false
file:.git/config	core.logallrefupdates=true
file:.git/config	core.symlinks=false
file:.git/config	core.ignorecase=true
file:.git/config	remote.origin.url=https://github.com/cristh-lopes/placa.git
file:.git/config	remote.origin.fetch=+refs/heads/*:refs/remotes/origin/*


------------
Diagnostic: Credential storage
Skipped: False
Success: True
Exception: None
Log:
ICredentialStore instance is of type: CredentialStore
Writing test credential... OK
Reading test credential... OK
Deleting test credential... OK

------------
Diagnostic: Microsoft authentication (AAD/MSA)
Skipped: False
Success: True
Exception: None
Log:
Broker not supported.
Flow type is: Auto
Gathering MSAL token cache data... OK
CacheDirectory: C:\Users\crist\AppData\Local\.IdentityService
CacheFileName: msal.cache
CacheFilePath: C:\Users\crist\AppData\Local\.IdentityService\msal.cache
Creating cache helper... OK
Verifying MSAL token cache persistence... OK

------------
Diagnostic: GitHub API
Skipped: False
Success: True
Exception: None
Log:
Using 'https://github.com/' as API target.
Querying '/meta' endpoint... OK

